********************************
key_range = 100000. ops=1000000. multicore
Compaction fracwithout wait_time is 0%
Compaction fracwithout wait_time is 0%
Compaction fracwithout wait_time is 0%
Compaction fracwithout wait_time is 0%
Compaction fracwithout wait_time is 2.15175%
Compaction fracwithout wait_time is 1.87901%
Compaction fracwithout wait_time is 3.6726%
Compaction fracwithout wait_time is 3.23618%
Compaction fracwithout wait_time is 4.79484%
Compaction fracwithout wait_time is 4.61479%
Compaction fracwithout wait_time is 5.93234%
Compaction fracwithout wait_time is 5.55404%
Compaction fracwithout wait_time is 7.33544%
Compaction fracwithout wait_time is 6.61861%
Compaction fracwithout wait_time is 7.66663%
Compaction fracwithout wait_time is 7.37678%
Compaction fracwithout wait_time is 8.69573%
Compaction fracwithout wait_time is 8.55107%
Compaction fracwithout wait_time is 9.17944%
Compaction fracwithout wait_time is 9.25085%
********************************
key_range = 100000. ops=10000000. multicore
Compaction fracwithout wait_time is 0.334078%
Compaction fracwithout wait_time is 1.42789%
Compaction fracwithout wait_time is 2.56676%
Compaction fracwithout wait_time is 3.23023%
Compaction fracwithout wait_time is 4.11617%
Compaction fracwithout wait_time is 5.07569%
Compaction fracwithout wait_time is 5.35911%
Compaction fracwithout wait_time is 5.75806%
Compaction fracwithout wait_time is 6.5107%
Compaction fracwithout wait_time is 7.26245%
Compaction fracwithout wait_time is 8.22726%
Compaction fracwithout wait_time is 8.10944%
Compaction fracwithout wait_time is 8.53172%
Compaction fracwithout wait_time is 9.20557%
Compaction fracwithout wait_time is 9.71968%
Compaction fracwithout wait_time is 9.76412%
Compaction fracwithout wait_time is 10.1116%
Compaction fracwithout wait_time is 10.7306%
Compaction fracwithout wait_time is 10.9953%
Compaction fracwithout wait_time is 11.791%
********************************
key_range = 1000000. ops=10000000. multicore
Compaction fracwithout wait_time is 0.445777%
Compaction fracwithout wait_time is 3.36224%
Compaction fracwithout wait_time is 6.36877%
Compaction fracwithout wait_time is 9.39512%
Compaction fracwithout wait_time is 12.4438%
Compaction fracwithout wait_time is 14.9143%
Compaction fracwithout wait_time is 16.7221%
Compaction fracwithout wait_time is 20.3604%
Compaction fracwithout wait_time is 23.8231%
Compaction fracwithout wait_time is 29.202%
Compaction fracwithout wait_time is 31.0052%
Compaction fracwithout wait_time is 33.4956%
Compaction fracwithout wait_time is 38.3162%
Compaction fracwithout wait_time is 41.9666%
Compaction fracwithout wait_time is 48.1182%
Compaction fracwithout wait_time is 50.745%
Compaction fracwithout wait_time is 57.5024%
Compaction fracwithout wait_time is 60.6003%
Compaction fracwithout wait_time is 65.4165%
Compaction fracwithout wait_time is 76.4285%
********************************
key_range = 100000. ops=1000000. singlecore
Compaction fracwithout wait_time is 0%
Compaction fracwithout wait_time is 0%
Compaction fracwithout wait_time is 0%
Compaction fracwithout wait_time is 0%
Compaction fracwithout wait_time is 3.41026%
Compaction fracwithout wait_time is 3.22762%
Compaction fracwithout wait_time is 5.83626%
Compaction fracwithout wait_time is 5.57035%
Compaction fracwithout wait_time is 7.7499%
Compaction fracwithout wait_time is 8.10331%
Compaction fracwithout wait_time is 9.15451%
Compaction fracwithout wait_time is 9.12528%
Compaction fracwithout wait_time is 10.6115%
Compaction fracwithout wait_time is 10.559%
Compaction fracwithout wait_time is 12.0973%
Compaction fracwithout wait_time is 12.0973%
Compaction fracwithout wait_time is 13.9123%
Compaction fracwithout wait_time is 13.2005%
Compaction fracwithout wait_time is 14.6864%
Compaction fracwithout wait_time is 15.0278%
********************************
key_range = 100000. ops=10000000. singlecore
Compaction fracwithout wait_time is 0.483816%
Compaction fracwithout wait_time is 2.45385%
Compaction fracwithout wait_time is 3.92663%
Compaction fracwithout wait_time is 5.55875%
Compaction fracwithout wait_time is 6.447%
Compaction fracwithout wait_time is 7.57741%
Compaction fracwithout wait_time is 9.39844%
Compaction fracwithout wait_time is 9.23728%
Compaction fracwithout wait_time is 10.8742%
Compaction fracwithout wait_time is 11.7815%
Compaction fracwithout wait_time is 12.4806%
Compaction fracwithout wait_time is 12.8676%
Compaction fracwithout wait_time is 13.9525%
Compaction fracwithout wait_time is 14.3541%
Compaction fracwithout wait_time is 14.4266%
Compaction fracwithout wait_time is 16.0758%
Compaction fracwithout wait_time is 15.4139%
Compaction fracwithout wait_time is 16.5307%
Compaction fracwithout wait_time is 16.3447%
Compaction fracwithout wait_time is 17.8328%
********************************
key_range = 1000000. ops=10000000. singlecore
Compaction fracwithout wait_time is 0.690568%
Compaction fracwithout wait_time is 5.2418%
Compaction fracwithout wait_time is 9.75436%
Compaction fracwithout wait_time is 13.6288%
Compaction fracwithout wait_time is 17.9881%
Compaction fracwithout wait_time is 21.7549%
Compaction fracwithout wait_time is 27.2907%
Compaction fracwithout wait_time is 30.1355%
Compaction fracwithout wait_time is 35.205%
Compaction fracwithout wait_time is 37.5265%
Compaction fracwithout wait_time is 41.3436%
Compaction fracwithout wait_time is 47.0943%
Compaction fracwithout wait_time is 48.4491%
Compaction fracwithout wait_time is 52.9157%
Compaction fracwithout wait_time is 57.7082%
Compaction fracwithout wait_time is 60.6383%
Compaction fracwithout wait_time is 64.6267%
Compaction fracwithout wait_time is 68.528%
Compaction fracwithout wait_time is 73.1109%
Compaction fracwithout wait_time is 77.8461%
